{"level":"info","message":"Hello distributed log files!","timestamp":"2017-06-29T09:06:34.347Z"}
{"level":"info","message":"Hello distributed log files!","timestamp":"2017-06-29T09:07:34.679Z"}
{"level":"info","message":"Hello distributed log files!","timestamp":"2017-06-29T09:23:58.023Z"}
{"level":"info","message":"Hello distributed log files!","timestamp":"2017-06-29T12:43:56.822Z"}
{"level":"info","message":"Entrée pageRechercheAccordsController.js","timestamp":"2017-06-29T15:11:31.172Z"}
{"level":"info","message":"Entrée pageRechercheAccordsController.js","timestamp":"2017-06-29T15:13:03.383Z"}
{"level":"info","message":"Entrée pageRechercheAccordsController.js","timestamp":"2017-06-29T15:14:10.088Z"}

2017-07-21 17:07:44 758ms - info:  
{ login: 'STRINQUET',
  method: 'GET',
  url: '/CreationAccord',
  responseTime: '21 ms' }
2017-07-21 17:07:45 21ms - info:  
{ login: 'STRINQUET',
  method: 'GET',
  url: '/scripts/underscore-min.map',
  responseTime: '2 ms' }
2017-07-21 17:07:53 35ms - info:  
{ login: 'STRINQUET',
  method: 'GET',
  url: '/images/ui-icons_ffffff_256x240.png',
  responseTime: '0 ms' }
2017-07-21 17:08:07 121ms - info:  
{ login: 'STRINQUET',
  method: 'GET',
  url: '/CreationAccord/2018',
  responseTime: '648 ms' }
2017-07-21 17:08:14 44ms - info:  
{ login: 'STRINQUET',
  method: 'GET',
  url: '/CreationAccord/2018',
  responseTime: '397 ms' }
2017-07-21 17:08:42 663ms - info:  
{ login: 'STRINQUET',
  method: 'GET',
  url: '/CreationAccord/2018',
  responseTime: '429 ms' }
2017-07-21 17:08:50 822ms - info:  
{ login: 'STRINQUET',
  method: 'GET',
  url: '/CreationAccord/2018',
  responseTime: '403 ms' }
2017-07-21 17:09:38 295ms - info:  
{ login: 'STRINQUET',
  method: 'GET',
  url: '/CreationAccord/2018',
  responseTime: '396 ms' }
